running egg_info
creating ../../build/paquete_prueba/paquete_prueba.egg-info
writing ../../build/paquete_prueba/paquete_prueba.egg-info/PKG-INFO
writing dependency_links to ../../build/paquete_prueba/paquete_prueba.egg-info/dependency_links.txt
writing entry points to ../../build/paquete_prueba/paquete_prueba.egg-info/entry_points.txt
writing requirements to ../../build/paquete_prueba/paquete_prueba.egg-info/requires.txt
writing top-level names to ../../build/paquete_prueba/paquete_prueba.egg-info/top_level.txt
writing manifest file '../../build/paquete_prueba/paquete_prueba.egg-info/SOURCES.txt'
reading manifest file '../../build/paquete_prueba/paquete_prueba.egg-info/SOURCES.txt'
writing manifest file '../../build/paquete_prueba/paquete_prueba.egg-info/SOURCES.txt'
running build
running build_py
creating /home/tomas/workspace_tarea/build/paquete_prueba/build
creating /home/tomas/workspace_tarea/build/paquete_prueba/build/lib
creating /home/tomas/workspace_tarea/build/paquete_prueba/build/lib/paquete_prueba
copying paquete_prueba/__init__.py -> /home/tomas/workspace_tarea/build/paquete_prueba/build/lib/paquete_prueba
running install
running install_lib
creating /home/tomas/workspace_tarea/install/paquete_prueba/lib/python3.10/site-packages/paquete_prueba
copying /home/tomas/workspace_tarea/build/paquete_prueba/build/lib/paquete_prueba/__init__.py -> /home/tomas/workspace_tarea/install/paquete_prueba/lib/python3.10/site-packages/paquete_prueba
byte-compiling /home/tomas/workspace_tarea/install/paquete_prueba/lib/python3.10/site-packages/paquete_prueba/__init__.py to __init__.cpython-310.pyc
running install_data
creating /home/tomas/workspace_tarea/install/paquete_prueba/share/ament_index
creating /home/tomas/workspace_tarea/install/paquete_prueba/share/ament_index/resource_index
creating /home/tomas/workspace_tarea/install/paquete_prueba/share/ament_index/resource_index/packages
copying resource/paquete_prueba -> /home/tomas/workspace_tarea/install/paquete_prueba/share/ament_index/resource_index/packages
copying package.xml -> /home/tomas/workspace_tarea/install/paquete_prueba/share/paquete_prueba
running install_egg_info
Copying ../../build/paquete_prueba/paquete_prueba.egg-info to /home/tomas/workspace_tarea/install/paquete_prueba/lib/python3.10/site-packages/paquete_prueba-0.0.0-py3.10.egg-info
running install_scripts
writing list of installed files to '/home/tomas/workspace_tarea/build/paquete_prueba/install.log'
